2015-10-12 00:00:12.985 [info] <0.388.0> Application lager started on node 'core@alex-N550JK'
2015-10-12 00:00:13.063 [warning] <0.387.0> lager_error_logger_h dropped 56 messages in the last second that exceeded the limit of 50 messages/sec
2015-10-12 00:00:13.065 [info] <0.388.0> Application mnesia started on node 'core@alex-N550JK'
2015-10-12 00:00:13.065 [info] <0.388.0> Application ibot_events started on node 'core@alex-N550JK'
2015-10-12 00:00:20.009 [info] <0.388.0> Application mnesia exited with reason: stopped
2015-10-12 00:00:20.104 [info] <0.388.0> Application mnesia started on node 'core@alex-N550JK'
2015-10-12 04:18:21.364 [info] <0.388.0> Application lager started on node 'core@alex-N550JK'
2015-10-12 04:18:28.405 [warning] <0.387.0> lager_error_logger_h dropped 57 messages in the last second that exceeded the limit of 50 messages/sec
2015-10-12 04:18:28.405 [info] <0.388.0> Application mnesia exited with reason: stopped
2015-10-12 04:18:28.478 [info] <0.388.0> Application mnesia started on node 'core@alex-N550JK'
2015-10-12 04:18:58.618 [error] <0.688.0> gen_server ibot_events_srv_node_interaction terminated with reason: bad return value: ok
2015-10-12 04:18:58.618 [error] <0.688.0> CRASH REPORT Process ibot_events_srv_node_interaction with 0 neighbours exited with reason: bad return value: ok in gen_server:terminate/7 line 804
2015-10-12 04:18:58.619 [error] <0.686.0> Supervisor ibot_events_sup had child ibot_events_srv_node_interaction started with ibot_events_srv_node_interaction:start_link() at <0.688.0> exit with reason bad return value: ok in context child_terminated
2015-10-12 04:20:58.292 [info] <0.388.0> Application lager started on node 'core@alex-N550JK'
2015-10-12 04:21:05.353 [warning] <0.387.0> lager_error_logger_h dropped 61 messages in the last second that exceeded the limit of 50 messages/sec
2015-10-12 04:21:05.353 [info] <0.388.0> Application mnesia exited with reason: stopped
2015-10-12 04:21:05.439 [info] <0.388.0> Application mnesia started on node 'core@alex-N550JK'
2015-10-12 04:43:33.829 [info] <0.388.0> Application lager started on node 'core@alex-N550JK'
2015-10-12 04:43:40.904 [warning] <0.387.0> lager_error_logger_h dropped 58 messages in the last second that exceeded the limit of 50 messages/sec
2015-10-12 04:43:40.904 [info] <0.388.0> Application mnesia exited with reason: stopped
2015-10-12 04:43:40.986 [info] <0.388.0> Application mnesia started on node 'core@alex-N550JK'
2015-10-12 04:46:11.474 [info] <0.388.0> Application lager started on node 'core@alex-N550JK'
2015-10-12 04:46:18.537 [warning] <0.387.0> lager_error_logger_h dropped 59 messages in the last second that exceeded the limit of 50 messages/sec
2015-10-12 04:46:18.537 [info] <0.388.0> Application mnesia exited with reason: stopped
2015-10-12 04:46:18.611 [info] <0.388.0> Application mnesia started on node 'core@alex-N550JK'
2015-10-12 05:09:25.490 [info] <0.388.0> Application lager started on node 'core@alex-N550JK'
2015-10-12 05:09:32.548 [warning] <0.387.0> lager_error_logger_h dropped 59 messages in the last second that exceeded the limit of 50 messages/sec
2015-10-12 05:09:32.548 [info] <0.388.0> Application mnesia exited with reason: stopped
2015-10-12 05:09:32.630 [info] <0.388.0> Application mnesia started on node 'core@alex-N550JK'
2015-10-12 05:23:16.734 [info] <0.388.0> Application lager started on node 'core@alex-N550JK'
2015-10-12 05:23:23.729 [warning] <0.387.0> lager_error_logger_h dropped 58 messages in the last second that exceeded the limit of 50 messages/sec
2015-10-12 05:23:23.729 [info] <0.388.0> Application mnesia exited with reason: stopped
2015-10-12 05:23:23.803 [info] <0.388.0> Application mnesia started on node 'core@alex-N550JK'
2015-10-12 05:40:13.152 [info] <0.388.0> Application lager started on node 'core@alex-N550JK'
2015-10-12 05:40:20.189 [warning] <0.387.0> lager_error_logger_h dropped 59 messages in the last second that exceeded the limit of 50 messages/sec
2015-10-12 05:40:20.189 [info] <0.388.0> Application mnesia exited with reason: stopped
2015-10-12 05:40:20.282 [info] <0.388.0> Application mnesia started on node 'core@alex-N550JK'
2015-10-13 02:45:17.683 [info] <0.388.0> Application lager started on node 'core@alex-N550JK'
2015-10-13 02:45:24.709 [warning] <0.387.0> lager_error_logger_h dropped 60 messages in the last second that exceeded the limit of 50 messages/sec
2015-10-13 02:45:24.709 [info] <0.388.0> Application mnesia exited with reason: stopped
2015-10-13 02:45:24.781 [info] <0.388.0> Application mnesia started on node 'core@alex-N550JK'
2015-10-13 02:51:42.763 [info] <0.388.0> Application lager started on node 'core@alex-N550JK'
2015-10-13 02:51:49.803 [warning] <0.387.0> lager_error_logger_h dropped 64 messages in the last second that exceeded the limit of 50 messages/sec
2015-10-13 02:51:49.803 [info] <0.388.0> Application mnesia exited with reason: stopped
2015-10-13 02:51:49.908 [info] <0.388.0> Application mnesia started on node 'core@alex-N550JK'
2015-10-13 02:54:50.105 [info] <0.388.0> Application lager started on node 'core_test@alex-N550JK'
2015-10-13 02:54:57.102 [warning] <0.387.0> lager_error_logger_h dropped 62 messages in the last second that exceeded the limit of 50 messages/sec
2015-10-13 02:54:57.102 [info] <0.388.0> Application mnesia exited with reason: stopped
2015-10-13 02:54:57.176 [info] <0.388.0> Application mnesia started on node 'core_test@alex-N550JK'
2015-10-13 02:55:43.009 [info] <0.388.0> Application lager started on node 'core@alex-N550JK'
2015-10-13 02:55:50.046 [warning] <0.387.0> lager_error_logger_h dropped 60 messages in the last second that exceeded the limit of 50 messages/sec
2015-10-13 02:55:50.046 [info] <0.388.0> Application mnesia exited with reason: stopped
2015-10-13 02:55:50.145 [info] <0.388.0> Application mnesia started on node 'core@alex-N550JK'
2015-10-15 23:22:46.998 [info] <0.388.0> Application lager started on node 'core@alex-N550JK'
2015-10-15 23:22:47.000 [warning] <0.387.0> lager_error_logger_h dropped 58 messages in the last second that exceeded the limit of 50 messages/sec
2015-10-15 23:22:47.069 [info] <0.388.0> Application mnesia started on node 'core@alex-N550JK'
2015-10-15 23:22:47.069 [info] <0.388.0> Application ibot_events started on node 'core@alex-N550JK'
2015-10-15 23:22:54.024 [info] <0.388.0> Application mnesia exited with reason: stopped
2015-10-15 23:22:54.106 [info] <0.388.0> Application mnesia started on node 'core@alex-N550JK'
2015-10-19 04:13:03.062 [info] <0.388.0> Application lager started on node 'core@alex-N550JK'
2015-10-19 04:13:10.111 [warning] <0.387.0> lager_error_logger_h dropped 58 messages in the last second that exceeded the limit of 50 messages/sec
2015-10-19 04:13:10.111 [info] <0.388.0> Application mnesia exited with reason: stopped
2015-10-19 04:13:10.193 [info] <0.388.0> Application mnesia started on node 'core@alex-N550JK'
2015-10-19 04:24:17.435 [info] <0.388.0> Application lager started on node 'core@alex-N550JK'
2015-10-19 04:24:24.463 [warning] <0.387.0> lager_error_logger_h dropped 64 messages in the last second that exceeded the limit of 50 messages/sec
2015-10-19 04:24:24.464 [info] <0.388.0> Application mnesia exited with reason: stopped
2015-10-19 04:24:24.564 [info] <0.388.0> Application mnesia started on node 'core@alex-N550JK'
2015-10-20 00:20:44.332 [info] <0.388.0> Application lager started on node 'core@alex-N550JK'
2015-10-20 00:20:51.388 [warning] <0.387.0> lager_error_logger_h dropped 60 messages in the last second that exceeded the limit of 50 messages/sec
2015-10-20 00:20:51.388 [info] <0.388.0> Application mnesia exited with reason: stopped
2015-10-20 00:20:51.510 [info] <0.388.0> Application mnesia started on node 'core@alex-N550JK'
2015-10-20 20:37:32.759 [info] <0.388.0> Application lager started on node 'core@alex-N550JK'
2015-10-20 20:37:39.859 [warning] <0.387.0> lager_error_logger_h dropped 65 messages in the last second that exceeded the limit of 50 messages/sec
2015-10-20 20:37:39.860 [info] <0.388.0> Application mnesia exited with reason: stopped
2015-10-20 20:37:39.936 [info] <0.388.0> Application mnesia started on node 'core@alex-N550JK'
2015-10-23 03:33:16.587 [info] <0.388.0> Application lager started on node 'core@alex-N550JK'
2015-10-23 03:33:23.632 [warning] <0.387.0> lager_error_logger_h dropped 63 messages in the last second that exceeded the limit of 50 messages/sec
2015-10-23 03:33:23.632 [info] <0.388.0> Application mnesia exited with reason: stopped
2015-10-23 03:33:23.720 [info] <0.388.0> Application mnesia started on node 'core@alex-N550JK'
2015-10-24 03:31:35.228 [info] <0.388.0> Application lager started on node 'core@alex-N550JK'
2015-10-24 03:31:42.262 [warning] <0.387.0> lager_error_logger_h dropped 57 messages in the last second that exceeded the limit of 50 messages/sec
2015-10-24 03:31:42.262 [info] <0.388.0> Application mnesia exited with reason: stopped
2015-10-24 03:31:42.336 [info] <0.388.0> Application mnesia started on node 'core@alex-N550JK'
2015-10-26 02:48:54.928 [info] <0.388.0> Application lager started on node 'core@alex-N550JK'
2015-10-26 02:48:55.056 [warning] <0.387.0> lager_error_logger_h dropped 58 messages in the last second that exceeded the limit of 50 messages/sec
2015-10-26 02:48:55.056 [info] <0.388.0> Application mnesia started on node 'core@alex-N550JK'
2015-10-26 02:48:55.057 [info] <0.388.0> Application ibot_events started on node 'core@alex-N550JK'
2015-10-26 02:49:01.980 [info] <0.388.0> Application mnesia exited with reason: stopped
2015-10-26 02:49:02.051 [info] <0.388.0> Application mnesia started on node 'core@alex-N550JK'
2015-10-28 04:36:11.480 [info] <0.389.0> Application lager started on node 'core@alex-N550JK'
2015-10-28 04:36:18.511 [warning] <0.388.0> lager_error_logger_h dropped 64 messages in the last second that exceeded the limit of 50 messages/sec
2015-10-28 04:36:18.511 [info] <0.389.0> Application mnesia exited with reason: stopped
2015-10-28 04:36:18.610 [info] <0.389.0> Application mnesia started on node 'core@alex-N550JK'
2015-10-28 04:40:29.482 [info] <0.389.0> Application lager started on node 'core@alex-N550JK'
2015-10-28 04:40:36.522 [warning] <0.388.0> lager_error_logger_h dropped 56 messages in the last second that exceeded the limit of 50 messages/sec
2015-10-28 04:40:36.522 [info] <0.389.0> Application mnesia exited with reason: stopped
2015-10-28 04:40:36.615 [info] <0.389.0> Application mnesia started on node 'core@alex-N550JK'
2015-10-28 04:47:07.862 [info] <0.389.0> Application lager started on node 'core@alex-N550JK'
2015-10-28 04:47:14.892 [warning] <0.388.0> lager_error_logger_h dropped 58 messages in the last second that exceeded the limit of 50 messages/sec
2015-10-28 04:47:14.892 [info] <0.389.0> Application mnesia exited with reason: stopped
2015-10-28 04:47:14.965 [info] <0.389.0> Application mnesia started on node 'core@alex-N550JK'
2015-10-28 05:07:16.588 [info] <0.389.0> Application lager started on node 'core@alex-N550JK'
2015-10-28 05:07:23.662 [warning] <0.388.0> lager_error_logger_h dropped 58 messages in the last second that exceeded the limit of 50 messages/sec
2015-10-28 05:07:23.662 [info] <0.389.0> Application mnesia exited with reason: stopped
2015-10-28 05:07:23.742 [info] <0.389.0> Application mnesia started on node 'core@alex-N550JK'
2015-10-28 05:11:03.402 [info] <0.389.0> Application lager started on node 'core@alex-N550JK'
2015-10-28 05:11:10.440 [warning] <0.388.0> lager_error_logger_h dropped 61 messages in the last second that exceeded the limit of 50 messages/sec
2015-10-28 05:11:10.440 [info] <0.389.0> Application mnesia exited with reason: stopped
2015-10-28 05:11:10.523 [info] <0.389.0> Application mnesia started on node 'core@alex-N550JK'
2015-10-28 05:14:26.652 [info] <0.389.0> Application lager started on node 'core@alex-N550JK'
2015-10-28 05:14:33.706 [warning] <0.388.0> lager_error_logger_h dropped 57 messages in the last second that exceeded the limit of 50 messages/sec
2015-10-28 05:14:33.706 [info] <0.389.0> Application mnesia exited with reason: stopped
2015-10-28 05:14:33.794 [info] <0.389.0> Application mnesia started on node 'core@alex-N550JK'
2015-10-28 05:17:20.045 [info] <0.389.0> Application lager started on node 'core@alex-N550JK'
2015-10-28 05:17:27.074 [warning] <0.388.0> lager_error_logger_h dropped 41 messages in the last second that exceeded the limit of 50 messages/sec
2015-10-28 05:17:27.074 [info] <0.389.0> Application mnesia exited with reason: stopped
2015-10-28 05:17:27.163 [info] <0.389.0> Application mnesia started on node 'core@alex-N550JK'
2015-10-28 05:20:54.984 [info] <0.389.0> Application lager started on node 'core@alex-N550JK'
2015-10-28 05:20:55.057 [warning] <0.388.0> lager_error_logger_h dropped 58 messages in the last second that exceeded the limit of 50 messages/sec
2015-10-28 05:20:55.058 [info] <0.389.0> Application mnesia started on node 'core@alex-N550JK'
2015-10-28 05:20:55.058 [info] <0.389.0> Application ibot_events started on node 'core@alex-N550JK'
2015-10-28 05:21:02.020 [info] <0.389.0> Application mnesia exited with reason: stopped
2015-10-28 05:21:02.114 [info] <0.389.0> Application mnesia started on node 'core@alex-N550JK'
2015-10-29 00:36:51.885 [info] <0.389.0> Application lager started on node 'core@alex-N550JK'
2015-10-29 00:36:58.926 [warning] <0.388.0> lager_error_logger_h dropped 60 messages in the last second that exceeded the limit of 50 messages/sec
2015-10-29 00:36:58.926 [info] <0.389.0> Application mnesia exited with reason: stopped
2015-10-29 00:36:59.006 [info] <0.389.0> Application mnesia started on node 'core@alex-N550JK'
2015-10-29 00:38:42.713 [info] <0.389.0> Application lager started on node 'core@alex-N550JK'
2015-10-29 00:38:49.783 [warning] <0.388.0> lager_error_logger_h dropped 57 messages in the last second that exceeded the limit of 50 messages/sec
2015-10-29 00:38:49.783 [info] <0.389.0> Application mnesia exited with reason: stopped
2015-10-29 00:38:49.876 [info] <0.389.0> Application mnesia started on node 'core@alex-N550JK'
2015-10-29 00:42:38.890 [info] <0.389.0> Application lager started on node 'core@alex-N550JK'
2015-10-29 00:42:45.950 [warning] <0.388.0> lager_error_logger_h dropped 63 messages in the last second that exceeded the limit of 50 messages/sec
2015-10-29 00:42:45.950 [info] <0.389.0> Application mnesia exited with reason: stopped
2015-10-29 00:42:46.030 [info] <0.389.0> Application mnesia started on node 'core@alex-N550JK'
2015-10-29 01:29:12.072 [info] <0.389.0> Application lager started on node 'core@alex-N550JK'
2015-10-29 01:29:19.116 [warning] <0.388.0> lager_error_logger_h dropped 55 messages in the last second that exceeded the limit of 50 messages/sec
2015-10-29 01:29:19.116 [info] <0.389.0> Application mnesia exited with reason: stopped
2015-10-29 01:29:19.199 [info] <0.389.0> Application mnesia started on node 'core@alex-N550JK'
2015-10-29 01:32:33.372 [info] <0.389.0> Application lager started on node 'core@alex-N550JK'
2015-10-29 01:32:40.417 [warning] <0.388.0> lager_error_logger_h dropped 58 messages in the last second that exceeded the limit of 50 messages/sec
2015-10-29 01:32:40.417 [info] <0.389.0> Application mnesia exited with reason: stopped
2015-10-29 01:32:40.496 [info] <0.389.0> Application mnesia started on node 'core@alex-N550JK'
2015-10-29 01:34:37.913 [info] <0.389.0> Application lager started on node 'core@alex-N550JK'
2015-10-29 01:34:44.986 [warning] <0.388.0> lager_error_logger_h dropped 59 messages in the last second that exceeded the limit of 50 messages/sec
2015-10-29 01:34:44.986 [info] <0.389.0> Application mnesia exited with reason: stopped
2015-10-29 01:34:45.057 [info] <0.389.0> Application mnesia started on node 'core@alex-N550JK'
2015-10-29 02:37:10.944 [info] <0.389.0> Application lager started on node 'core@alex-N550JK'
2015-10-29 02:37:11.013 [warning] <0.388.0> lager_error_logger_h dropped 57 messages in the last second that exceeded the limit of 50 messages/sec
2015-10-29 02:37:11.014 [info] <0.389.0> Application mnesia started on node 'core@alex-N550JK'
2015-10-29 02:37:11.014 [info] <0.389.0> Application ibot_events started on node 'core@alex-N550JK'
2015-10-29 02:37:18.564 [info] <0.389.0> Application mnesia exited with reason: stopped
2015-10-29 02:37:18.659 [info] <0.389.0> Application mnesia started on node 'core@alex-N550JK'
2015-10-29 03:26:31.651 [info] <0.389.0> Application lager started on node 'core@alex-N550JK'
2015-10-29 03:26:38.678 [warning] <0.388.0> lager_error_logger_h dropped 57 messages in the last second that exceeded the limit of 50 messages/sec
2015-10-29 03:26:38.679 [info] <0.389.0> Application mnesia exited with reason: stopped
2015-10-29 03:26:38.770 [info] <0.389.0> Application mnesia started on node 'core@alex-N550JK'
2015-10-29 03:30:18.312 [info] <0.389.0> Application lager started on node 'core@alex-N550JK'
2015-10-29 03:30:25.345 [warning] <0.388.0> lager_error_logger_h dropped 58 messages in the last second that exceeded the limit of 50 messages/sec
2015-10-29 03:30:25.345 [info] <0.389.0> Application mnesia exited with reason: stopped
2015-10-29 03:30:25.446 [info] <0.389.0> Application mnesia started on node 'core@alex-N550JK'
2015-10-29 04:02:03.034 [info] <0.389.0> Application lager started on node 'core@alex-N550JK'
2015-10-29 04:02:10.111 [warning] <0.388.0> lager_error_logger_h dropped 58 messages in the last second that exceeded the limit of 50 messages/sec
2015-10-29 04:02:10.112 [info] <0.389.0> Application mnesia exited with reason: stopped
2015-10-29 04:02:10.204 [info] <0.389.0> Application mnesia started on node 'core@alex-N550JK'
2015-10-29 04:04:30.844 [info] <0.389.0> Application lager started on node 'core@alex-N550JK'
2015-10-29 04:04:37.907 [warning] <0.388.0> lager_error_logger_h dropped 58 messages in the last second that exceeded the limit of 50 messages/sec
2015-10-29 04:04:37.907 [info] <0.389.0> Application mnesia exited with reason: stopped
2015-10-29 04:04:37.978 [info] <0.389.0> Application mnesia started on node 'core@alex-N550JK'
2015-10-29 04:07:47.003 [info] <0.389.0> Application lager started on node 'core@alex-N550JK'
2015-10-29 04:07:54.021 [warning] <0.388.0> lager_error_logger_h dropped 14 messages in the last second that exceeded the limit of 50 messages/sec
2015-10-29 04:07:54.021 [info] <0.389.0> Application mnesia exited with reason: stopped
2015-10-29 04:07:54.084 [info] <0.389.0> Application mnesia started on node 'core@alex-N550JK'
2015-10-29 04:46:09.442 [info] <0.389.0> Application lager started on node 'core@alex-N550JK'
2015-10-29 04:46:16.470 [warning] <0.388.0> lager_error_logger_h dropped 65 messages in the last second that exceeded the limit of 50 messages/sec
2015-10-29 04:46:16.470 [info] <0.389.0> Application mnesia exited with reason: stopped
2015-10-29 04:46:16.553 [info] <0.389.0> Application mnesia started on node 'core@alex-N550JK'
2015-10-29 04:55:49.995 [info] <0.389.0> Application lager started on node 'core@alex-N550JK'
2015-10-29 04:55:50.068 [warning] <0.388.0> lager_error_logger_h dropped 58 messages in the last second that exceeded the limit of 50 messages/sec
2015-10-29 04:55:50.070 [info] <0.389.0> Application mnesia started on node 'core@alex-N550JK'
2015-10-29 04:55:50.071 [info] <0.389.0> Application ibot_events started on node 'core@alex-N550JK'
2015-10-29 04:55:57.026 [info] <0.389.0> Application mnesia exited with reason: stopped
2015-10-29 04:55:57.109 [info] <0.389.0> Application mnesia started on node 'core@alex-N550JK'
2015-10-29 04:58:51.586 [info] <0.389.0> Application lager started on node 'core@alex-N550JK'
2015-10-29 04:58:58.610 [warning] <0.388.0> lager_error_logger_h dropped 64 messages in the last second that exceeded the limit of 50 messages/sec
2015-10-29 04:58:58.610 [info] <0.389.0> Application mnesia exited with reason: stopped
2015-10-29 04:58:58.634 [error] emulator Error in process <0.702.0> on node 'core@alex-N550JK' with exit value: {[{reason,{case_clause,{aborted,{node_not_running,'core@alex-N550JK'}}}},{mfa,{ibot_webi_handler,websocket_handle,3}},{stacktrace,[{ibot_db_func,get_from_mnesia,2,[{file,"src/ibot_db_func.erl"},{line,51}]},{ibot_db_func_config... 


2015-10-29 04:58:58.635 [error] <0.543.0> Ranch listener http had connection process started with cowboy_protocol:start_link/4 at <0.702.0> exit with reason: {[{reason,{case_clause,{aborted,{node_not_running,'core@alex-N550JK'}}}},{mfa,{ibot_webi_handler,websocket_handle,3}},{stacktrace,[{ibot_db_func,get_from_mnesia,2,[{file,"src/ibot_db_func.erl"},{line,51}]},{ibot_db_func_config,get_node_info,1,[{file,"src/ibot_db_func_config.erl"},{line,117}]},{ibot_db_func_config,generate_nodes_info_to_list,2,[{file,"src/ibot_db_func_config.erl"},{line,138}]},{ibot_core_app,get_project_node_from_config,0,[{file,"src/ibot_core_app.erl"},{line,116}]},{ibot_webi_handler,websocket_handle,3,[{file,"src/ibot_webi_handler.erl"},{line,78}]},{cowboy_websocket,handler_call,7,[{file,"src/cowboy_websocket.erl"},{line,598}]},{cowboy_protocol,execute,4,[{file,"src/cowboy_protocol.erl"},{line,529}]}]},{msg,{text,<<"{\"getNodes\" : \"\"}">>}},{req,[{socket,#Port<0.931>},{transport,ranch_tcp},{connection,keepalive},{pid,<0.702.0>},{method,<<"GET">>},{version,'HTTP/1.1'},{peer,{{127,0,0,1},58740}},{host,<<"localhost">>},{host_info,undefined},{port,10100},{path,<<"/websocket">>},{path_info,undefined},{qs,<<>>},{qs_vals,undefined},{bindings,[]},{headers,[{<<"host">>,<<"localhost:10100">>},{<<"connection">>,<<"Upgrade">>},{<<"pragma">>,<<"no-cache">>},{<<"cache-control">>,<<"no-cache">>},{<<"upgrade">>,<<"websocket">>},{<<"origin">>,<<"http://localhost:10100">>},{<<"sec-websocket-version">>,<<"13">>},{<<"user-agent">>,<<"Mozilla/5.0 (X11; Linux x86_64) AppleWebKit/537.36 (KHTML, like Gecko) Ubuntu Chromium/39.0.2171.65 Chrome/39.0.2171.65 Safari/537.36">>},{<<"accept-encoding">>,<<"gzip, deflate, sdch">>},{<<"accept-language">>,<<"en-US,en;q=0.8">>},{<<"sec-websocket-key">>,<<"Z0iktxWRHvZTSKO1EDhgLQ==">>},{<<"sec-websocket-extensions">>,<<"permessage-deflate; client_max_window_bits">>}]},{p_headers,[{<<"sec-websocket-extensions">>,[{<<"permessage-deflate">>,[<<"client_max_window_bits">>]}]},{<<"upgrade">>,[<<"websocket">>]},{<<"connection">>,[<<"upgrade">>]}]},{cookies,undefined},{meta,[{websocket_compress,false},{websocket_version,13}]},{body_state,waiting},{multipart,undefined},{buffer,<<>>},{resp_compress,false},{resp_state,done},{resp_headers,[]},{resp_body,<<>>},{onresponse,undefined}]},{state,undefined_state}],[{cowboy_protocol,execute,4,[{file,"src/cowboy_protocol.erl"},{line,529}]}]}

2015-10-29 04:58:58.770 [info] <0.389.0> Application mnesia started on node 'core@alex-N550JK'
2015-10-29 05:00:51.416 [info] <0.389.0> Application lager started on node 'core@alex-N550JK'
2015-10-29 05:00:58.472 [warning] <0.388.0> lager_error_logger_h dropped 56 messages in the last second that exceeded the limit of 50 messages/sec
2015-10-29 05:00:58.472 [info] <0.389.0> Application mnesia exited with reason: stopped
2015-10-29 05:00:58.552 [info] <0.389.0> Application mnesia started on node 'core@alex-N550JK'
2015-10-30 00:56:50.167 [info] <0.389.0> Application lager started on node 'core@alex-N550JK'
2015-10-30 00:56:57.216 [warning] <0.388.0> lager_error_logger_h dropped 65 messages in the last second that exceeded the limit of 50 messages/sec
2015-10-30 00:56:57.216 [info] <0.389.0> Application mnesia exited with reason: stopped
2015-10-30 00:56:57.321 [info] <0.389.0> Application mnesia started on node 'core@alex-N550JK'
2015-10-30 01:30:18.179 [error] emulator Error in process <0.831.0> on node 'core@alex-N550JK' with exit value: {{badrecord,service_server},[{ibot_nodes_srv_service,'-handle_info/2-fun-0-',6,[{file,"src/ibot_nodes_srv_service.erl"},{line,77}]}]}


2015-10-30 01:32:39.421 [error] emulator Error in process <0.834.0> on node 'core@alex-N550JK' with exit value: {{badrecord,service_server},[{ibot_nodes_srv_service,'-handle_info/2-fun-0-',6,[{file,"src/ibot_nodes_srv_service.erl"},{line,77}]}]}


2015-10-30 01:35:27.403 [error] emulator Error in process <0.842.0> on node 'core@alex-N550JK' with exit value: {{badrecord,service_server},[{ibot_nodes_srv_service,'-handle_info/2-fun-0-',6,[{file,"src/ibot_nodes_srv_service.erl"},{line,77}]}]}


2015-10-30 01:40:51.353 [error] <0.652.0> gen_server ibot_nodes_srv_service terminated with reason: bad argument in call to erlang:list_to_atom(new_cpp_service) in ibot_db_func_services:register_server_service/3 line 54
2015-10-30 01:40:51.353 [error] <0.652.0> CRASH REPORT Process ibot_nodes_srv_service with 0 neighbours exited with reason: bad argument in call to erlang:list_to_atom(new_cpp_service) in ibot_db_func_services:register_server_service/3 line 54
2015-10-30 01:40:51.353 [error] <0.649.0> Supervisor ibot_nodes_sup had child ibot_nodes_srv_service started with ibot_nodes_srv_service:start_link() at <0.652.0> exit with reason bad argument in call to erlang:list_to_atom(new_cpp_service) in ibot_db_func_services:register_server_service/3 line 54 in context child_terminated
2015-10-30 01:43:01.449 [info] <0.389.0> Application lager started on node 'core@alex-N550JK'
2015-10-30 01:43:08.504 [warning] <0.388.0> lager_error_logger_h dropped 58 messages in the last second that exceeded the limit of 50 messages/sec
2015-10-30 01:43:08.504 [info] <0.389.0> Application mnesia exited with reason: stopped
2015-10-30 01:43:08.584 [info] <0.389.0> Application mnesia started on node 'core@alex-N550JK'
2015-10-30 02:11:44.755 [info] <0.389.0> Application lager started on node 'core@alex-N550JK'
2015-10-30 02:11:52.001 [warning] <0.388.0> lager_error_logger_h dropped 64 messages in the last second that exceeded the limit of 50 messages/sec
2015-10-30 02:11:52.001 [info] <0.389.0> Application mnesia exited with reason: stopped
2015-10-30 02:11:52.083 [info] <0.389.0> Application mnesia started on node 'core@alex-N550JK'
2015-10-30 03:48:55.902 [info] <0.389.0> Application lager started on node 'core@alex-N550JK'
2015-10-30 03:49:02.922 [warning] <0.388.0> lager_error_logger_h dropped 63 messages in the last second that exceeded the limit of 50 messages/sec
2015-10-30 03:49:02.922 [info] <0.389.0> Application mnesia exited with reason: stopped
2015-10-30 03:49:03.015 [info] <0.389.0> Application mnesia started on node 'core@alex-N550JK'
2015-10-30 04:50:21.300 [info] <0.389.0> Application lager started on node 'core@alex-N550JK'
2015-10-30 04:50:28.341 [warning] <0.388.0> lager_error_logger_h dropped 55 messages in the last second that exceeded the limit of 50 messages/sec
2015-10-30 04:50:28.341 [info] <0.389.0> Application mnesia exited with reason: stopped
2015-10-30 04:50:28.439 [info] <0.389.0> Application mnesia started on node 'core@alex-N550JK'
2015-10-30 04:50:44.169 [info] <0.389.0> Application lager started on node 'core@alex-N550JK'
2015-10-30 04:50:51.230 [warning] <0.388.0> lager_error_logger_h dropped 58 messages in the last second that exceeded the limit of 50 messages/sec
2015-10-30 04:50:51.230 [info] <0.389.0> Application mnesia exited with reason: stopped
2015-10-30 04:50:51.314 [info] <0.389.0> Application mnesia started on node 'core@alex-N550JK'
2015-10-30 04:57:33.154 [info] <0.389.0> Application lager started on node 'core@alex-N550JK'
2015-10-30 04:57:40.182 [warning] <0.388.0> lager_error_logger_h dropped 59 messages in the last second that exceeded the limit of 50 messages/sec
2015-10-30 04:57:40.182 [info] <0.389.0> Application mnesia exited with reason: stopped
2015-10-30 04:57:40.285 [info] <0.389.0> Application mnesia started on node 'core@alex-N550JK'
2015-10-30 04:58:10.694 [info] <0.389.0> Application lager started on node 'core@alex-N550JK'
2015-10-30 04:58:17.737 [warning] <0.388.0> lager_error_logger_h dropped 64 messages in the last second that exceeded the limit of 50 messages/sec
2015-10-30 04:58:17.737 [info] <0.389.0> Application mnesia exited with reason: stopped
2015-10-30 04:58:17.821 [info] <0.389.0> Application mnesia started on node 'core@alex-N550JK'
