2015-05-05 02:38:26 =ERROR REPORT====
** Generic server ibot_nodes_srv_topic terminating 
** Last message in was {reg_subscr,'BLA_BLA_BLA_MBoxAsync','BLA_BLA_BLA@alex-N550JK',test_topic}
** When Server state == {state}
** Reason for termination == 
** {{case_clause,not_found},[{ibot_db_func_topics,add_node_to_topic,3,[{file,"src/ibot_db_func_topics.erl"},{line,28}]},{ibot_nodes_srv_topic,handle_info,2,[{file,"src/ibot_nodes_srv_topic.erl"},{line,78}]},{gen_server,try_dispatch,4,[{file,"gen_server.erl"},{line,593}]},{gen_server,handle_msg,5,[{file,"gen_server.erl"},{line,659}]},{proc_lib,init_p_do_apply,3,[{file,"proc_lib.erl"},{line,237}]}]}
2015-05-05 02:38:26 =CRASH REPORT====
  crasher:
    initial call: ibot_nodes_srv_topic:init/1
    pid: <0.629.0>
    registered_name: ibot_nodes_srv_topic
    exception exit: {{{case_clause,not_found},[{ibot_db_func_topics,add_node_to_topic,3,[{file,"src/ibot_db_func_topics.erl"},{line,28}]},{ibot_nodes_srv_topic,handle_info,2,[{file,"src/ibot_nodes_srv_topic.erl"},{line,78}]},{gen_server,try_dispatch,4,[{file,"gen_server.erl"},{line,593}]},{gen_server,handle_msg,5,[{file,"gen_server.erl"},{line,659}]},{proc_lib,init_p_do_apply,3,[{file,"proc_lib.erl"},{line,237}]}]},[{gen_server,terminate,7,[{file,"gen_server.erl"},{line,804}]},{proc_lib,init_p_do_apply,3,[{file,"proc_lib.erl"},{line,237}]}]}
    ancestors: [ibot_nodes_sup,<0.627.0>]
    messages: []
    links: [<0.628.0>]
    dictionary: []
    trap_exit: false
    status: running
    heap_size: 610
    stack_size: 27
    reductions: 373
  neighbours:
2015-05-05 02:38:26 =SUPERVISOR REPORT====
     Supervisor: {local,ibot_nodes_sup}
     Context:    child_terminated
     Reason:     {{case_clause,not_found},[{ibot_db_func_topics,add_node_to_topic,3,[{file,"src/ibot_db_func_topics.erl"},{line,28}]},{ibot_nodes_srv_topic,handle_info,2,[{file,"src/ibot_nodes_srv_topic.erl"},{line,78}]},{gen_server,try_dispatch,4,[{file,"gen_server.erl"},{line,593}]},{gen_server,handle_msg,5,[{file,"gen_server.erl"},{line,659}]},{proc_lib,init_p_do_apply,3,[{file,"proc_lib.erl"},{line,237}]}]}
     Offender:   [{pid,<0.629.0>},{name,ibot_nodes_srv_topic},{mfargs,{ibot_nodes_srv_topic,start_link,[]}},{restart_type,permanent},{shutdown,5000},{child_type,worker}]

