2015-09-01 00:01:03.257 [info] <0.385.0> Application lager started on node 'core@alex-N550JK'
2015-09-01 00:01:10.286 [warning] <0.384.0> lager_error_logger_h dropped 64 messages in the last second that exceeded the limit of 50 messages/sec
2015-09-01 00:01:10.286 [info] <0.385.0> Application mnesia exited with reason: stopped
2015-09-01 00:01:10.374 [info] <0.385.0> Application mnesia started on node 'core@alex-N550JK'
2015-09-01 00:14:36.118 [info] <0.385.0> Application lager started on node 'core@alex-N550JK'
2015-09-01 00:14:43.162 [warning] <0.384.0> lager_error_logger_h dropped 58 messages in the last second that exceeded the limit of 50 messages/sec
2015-09-01 00:14:43.162 [info] <0.385.0> Application mnesia exited with reason: stopped
2015-09-01 00:14:43.266 [info] <0.385.0> Application mnesia started on node 'core@alex-N550JK'
2015-09-01 00:41:52.962 [info] <0.385.0> Application lager started on node 'core@alex-N550JK'
2015-09-01 00:41:53.034 [warning] <0.384.0> lager_error_logger_h dropped 57 messages in the last second that exceeded the limit of 50 messages/sec
2015-09-01 00:41:53.034 [info] <0.385.0> Application mnesia started on node 'core@alex-N550JK'
2015-09-01 00:42:00.049 [info] <0.385.0> Application mnesia exited with reason: stopped
2015-09-01 00:42:00.143 [info] <0.385.0> Application mnesia started on node 'core@alex-N550JK'
2015-09-01 01:23:03.596 [info] <0.385.0> Application lager started on node 'core@alex-N550JK'
2015-09-01 01:23:10.638 [warning] <0.384.0> lager_error_logger_h dropped 46 messages in the last second that exceeded the limit of 50 messages/sec
2015-09-01 01:23:10.638 [info] <0.385.0> Application mnesia exited with reason: stopped
2015-09-01 01:23:10.717 [info] <0.385.0> Application mnesia started on node 'core@alex-N550JK'
2015-09-01 01:27:42.310 [info] <0.385.0> Application lager started on node 'core@alex-N550JK'
2015-09-01 01:27:49.363 [warning] <0.384.0> lager_error_logger_h dropped 64 messages in the last second that exceeded the limit of 50 messages/sec
2015-09-01 01:27:49.363 [info] <0.385.0> Application mnesia exited with reason: stopped
2015-09-01 01:27:49.436 [info] <0.385.0> Application mnesia started on node 'core@alex-N550JK'
2015-09-01 01:35:43.407 [info] <0.385.0> Application lager started on node 'core@alex-N550JK'
2015-09-01 01:35:50.482 [warning] <0.384.0> lager_error_logger_h dropped 58 messages in the last second that exceeded the limit of 50 messages/sec
2015-09-01 01:35:50.482 [info] <0.385.0> Application mnesia exited with reason: stopped
2015-09-01 01:35:50.566 [info] <0.385.0> Application mnesia started on node 'core@alex-N550JK'
2015-09-01 01:36:59.861 [info] <0.385.0> Application lager started on node 'core@alex-N550JK'
2015-09-01 01:37:06.901 [warning] <0.384.0> lager_error_logger_h dropped 58 messages in the last second that exceeded the limit of 50 messages/sec
2015-09-01 01:37:06.901 [info] <0.385.0> Application mnesia exited with reason: stopped
2015-09-01 01:37:06.974 [info] <0.385.0> Application mnesia started on node 'core@alex-N550JK'
2015-09-01 02:13:37.870 [info] <0.385.0> Application lager started on node 'core1@alex-N550JK'
2015-09-01 02:13:44.867 [warning] <0.384.0> lager_error_logger_h dropped 63 messages in the last second that exceeded the limit of 50 messages/sec
2015-09-01 02:13:44.867 [info] <0.385.0> Application mnesia exited with reason: stopped
2015-09-01 02:13:44.974 [info] <0.385.0> Application mnesia started on node 'core1@alex-N550JK'
2015-09-01 02:15:21.941 [info] <0.385.0> Application lager started on node 'core1@alex-N550JK'
2015-09-01 02:15:22.013 [warning] <0.384.0> lager_error_logger_h dropped 58 messages in the last second that exceeded the limit of 50 messages/sec
2015-09-01 02:15:22.013 [info] <0.385.0> Application mnesia started on node 'core1@alex-N550JK'
2015-09-01 02:15:28.970 [info] <0.385.0> Application mnesia exited with reason: stopped
2015-09-01 02:15:29.044 [info] <0.385.0> Application mnesia started on node 'core1@alex-N550JK'
2015-09-01 02:16:20.736 [info] <0.385.0> Application lager started on node 'core1@alex-N550JK'
2015-09-01 02:16:27.766 [warning] <0.384.0> lager_error_logger_h dropped 58 messages in the last second that exceeded the limit of 50 messages/sec
2015-09-01 02:16:27.766 [info] <0.385.0> Application mnesia exited with reason: stopped
2015-09-01 02:16:54.426 [info] <0.385.0> Application mnesia started on node 'core1@alex-N550JK'
